      30      30
   -23.5   0.992   0.992   0.992   0.992   0.992   0.992   0.992   0.992   0.992   0.992   0.992   0.992   0.992   0.992   0.992   0.992   0.992   0.992   0.992   0.992   0.992   0.992   0.992   0.992   0.992   0.992   0.992   0.992   0.992
    28.2    66.4    66.4    66.4    66.4    66.4    66.4    66.4    66.4    66.4    66.4    66.4    66.4    66.4    66.4    66.4    66.4    66.4    66.4    66.4    66.4    66.4    66.4    66.4    66.4    66.4    66.4    66.4    66.4    66.4
    92.2   -3.24   -3.24   -3.24   -3.24   -3.24   -3.24   -3.24   -3.24   -3.24   -3.24   -3.24   -3.24   -3.24   -3.24   -3.24   -3.24   -3.24   -3.24   -3.24   -3.24   -3.24   -3.24   -3.24   -3.24   -3.24   -3.24   -3.24   -3.24   -3.24
   -31.8   -84.6   -84.6   -84.6   -84.6   -84.6   -84.6   -84.6   -84.6   -84.6   -84.6   -84.6   -84.6   -84.6   -84.6   -84.6   -84.6   -84.6   -84.6   -84.6   -84.6   -84.6   -84.6   -84.6   -84.6   -84.6   -84.6   -84.6   -84.6   -84.6
    76.3    92.6    92.6    92.6    92.6    92.6    92.6    92.6    92.6    92.6    92.6    92.6    92.6    92.6    92.6    92.6    92.6    92.6    92.6    92.6    92.6    92.6    92.6    92.6    92.6    92.6    92.6    92.6    92.6    92.6
   -77.2   -31.9   -31.9   -31.9   -31.9   -31.9   -31.9   -31.9   -31.9   -31.9   -31.9   -31.9   -31.9   -31.9   -31.9   -31.9   -31.9   -31.9   -31.9   -31.9   -31.9   -31.9   -31.9   -31.9   -31.9   -31.9   -31.9   -31.9   -31.9   -31.9
    92.6   -52.4   -52.4   -52.4   -52.4   -52.4   -52.4   -52.4   -52.4   -52.4   -52.4   -52.4   -52.4   -52.4   -52.4   -52.4   -52.4   -52.4   -52.4   -52.4   -52.4   -52.4   -52.4   -52.4   -52.4   -52.4   -52.4   -52.4   -52.4   -52.4
   -26.9    55.9    55.9    55.9    55.9    55.9    55.9    55.9    55.9    55.9    55.9    55.9    55.9    55.9    55.9    55.9    55.9    55.9    55.9    55.9    55.9    55.9    55.9    55.9    55.9    55.9    55.9    55.9    55.9    55.9
    49.4    85.7    85.7    85.7    85.7    85.7    85.7    85.7    85.7    85.7    85.7    85.7    85.7    85.7    85.7    85.7    85.7    85.7    85.7    85.7    85.7    85.7    85.7    85.7    85.7    85.7    85.7    85.7    85.7    85.7
    22.1      59      59      59      59      59      59      59      59      59      59      59      59      59      59      59      59      59      59      59      59      59      59      59      59      59      59      59      59      59
    6.75    45.7    45.7    45.7    45.7    45.7    45.7    45.7    45.7    45.7    45.7    45.7    45.7    45.7    45.7    45.7    45.7    45.7    45.7    45.7    45.7    45.7    45.7    45.7    45.7    45.7    45.7    45.7    45.7    45.7
    99.9    77.5    77.5    77.5    77.5    77.5    77.5    77.5    77.5    77.5    77.5    77.5    77.5    77.5    77.5    77.5    77.5    77.5    77.5    77.5    77.5    77.5    77.5    77.5    77.5    77.5    77.5    77.5    77.5    77.5
    73.7    92.4    92.4    92.4    92.4    92.4    92.4    92.4    92.4    92.4    92.4    92.4    92.4    92.4    92.4    92.4    92.4    92.4    92.4    92.4    92.4    92.4    92.4    92.4    92.4    92.4    92.4    92.4    92.4    92.4
   -91.6   -39.2   -39.2   -39.2   -39.2   -39.2   -39.2   -39.2   -39.2   -39.2   -39.2   -39.2   -39.2   -39.2   -39.2   -39.2   -39.2   -39.2   -39.2   -39.2   -39.2   -39.2   -39.2   -39.2   -39.2   -39.2   -39.2   -39.2   -39.2   -39.2
   -84.5   -95.1   -95.1   -95.1   -95.1   -95.1   -95.1   -95.1   -95.1   -95.1   -95.1   -95.1   -95.1   -95.1   -95.1   -95.1   -95.1   -95.1   -95.1   -95.1   -95.1   -95.1   -95.1   -95.1   -95.1   -95.1   -95.1   -95.1   -95.1   -95.1
   -29.1      61      61      61      61      61      61      61      61      61      61      61      61      61      61      61      61      61      61      61      61      61      61      61      61      61      61      61      61      61
    89.6   -36.8   -36.8   -36.8   -36.8   -36.8   -36.8   -36.8   -36.8   -36.8   -36.8   -36.8   -36.8   -36.8   -36.8   -36.8   -36.8   -36.8   -36.8   -36.8   -36.8   -36.8   -36.8   -36.8   -36.8   -36.8   -36.8   -36.8   -36.8   -36.8
    58.8   -18.4   -18.4   -18.4   -18.4   -18.4   -18.4   -18.4   -18.4   -18.4   -18.4   -18.4   -18.4   -18.4   -18.4   -18.4   -18.4   -18.4   -18.4   -18.4   -18.4   -18.4   -18.4   -18.4   -18.4   -18.4   -18.4   -18.4   -18.4   -18.4
   -71.5    50.2    50.2    50.2    50.2    50.2    50.2    50.2    50.2    50.2    50.2    50.2    50.2    50.2    50.2    50.2    50.2    50.2    50.2    50.2    50.2    50.2    50.2    50.2    50.2    50.2    50.2    50.2    50.2    50.2
    60.7   -12.1   -12.1   -12.1   -12.1   -12.1   -12.1   -12.1   -12.1   -12.1   -12.1   -12.1   -12.1   -12.1   -12.1   -12.1   -12.1   -12.1   -12.1   -12.1   -12.1   -12.1   -12.1   -12.1   -12.1   -12.1   -12.1   -12.1   -12.1   -12.1
   -10.8     -11     -11     -11     -11     -11     -11     -11     -11     -11     -11     -11     -11     -11     -11     -11     -11     -11     -11     -11     -11     -11     -11     -11     -11     -11     -11     -11     -11     -11
     -34    49.9    49.9    49.9    49.9    49.9    49.9    49.9    49.9    49.9    49.9    49.9    49.9    49.9    49.9    49.9    49.9    49.9    49.9    49.9    49.9    49.9    49.9    49.9    49.9    49.9    49.9    49.9    49.9    49.9
   -13.3      33      33      33      33      33      33      33      33      33      33      33      33      33      33      33      33      33      33      33      33      33      33      33      33      33      33      33      33      33
   -70.6   -14.5   -14.5   -14.5   -14.5   -14.5   -14.5   -14.5   -14.5   -14.5   -14.5   -14.5   -14.5   -14.5   -14.5   -14.5   -14.5   -14.5   -14.5   -14.5   -14.5   -14.5   -14.5   -14.5   -14.5   -14.5   -14.5   -14.5   -14.5   -14.5
    31.6      29      29      29      29      29      29      29      29      29      29      29      29      29      29      29      29      29      29      29      29      29      29      29      29      29      29      29      29      29
    85.1    72.6    72.6    72.6    72.6    72.6    72.6    72.6    72.6    72.6    72.6    72.6    72.6    72.6    72.6    72.6    72.6    72.6    72.6    72.6    72.6    72.6    72.6    72.6    72.6    72.6    72.6    72.6    72.6    72.6
    89.6   -29.3   -29.3   -29.3   -29.3   -29.3   -29.3   -29.3   -29.3   -29.3   -29.3   -29.3   -29.3   -29.3   -29.3   -29.3   -29.3   -29.3   -29.3   -29.3   -29.3   -29.3   -29.3   -29.3   -29.3   -29.3   -29.3   -29.3   -29.3   -29.3
    81.7   -1.07   -1.07   -1.07   -1.07   -1.07   -1.07   -1.07   -1.07   -1.07   -1.07   -1.07   -1.07   -1.07   -1.07   -1.07   -1.07   -1.07   -1.07   -1.07   -1.07   -1.07   -1.07   -1.07   -1.07   -1.07   -1.07   -1.07   -1.07   -1.07
    82.4    62.5    62.5    62.5    62.5    62.5    62.5    62.5    62.5    62.5    62.5    62.5    62.5    62.5    62.5    62.5    62.5    62.5    62.5    62.5    62.5    62.5    62.5    62.5    62.5    62.5    62.5    62.5    62.5    62.5
    3.69   -80.8   -80.8   -80.8   -80.8   -80.8   -80.8   -80.8   -80.8   -80.8   -80.8   -80.8   -80.8   -80.8   -80.8   -80.8   -80.8   -80.8   -80.8   -80.8   -80.8   -80.8   -80.8   -80.8   -80.8   -80.8   -80.8   -80.8   -80.8   -80.8
