      30      30
    54.7    23.5    61.2    66.9    56.3    88.3    32.2    46.6    66.7    88.1    74.6    52.8    18.5    18.5    98.4    44.9    11.4    99.7    40.9    9.15    54.7     5.5    33.3    85.4    59.3    88.7    43.1    45.4    38.8   0.992
    28.5    28.2    8.71    50.7    80.6    18.9    34.7    86.3     9.4    39.4    89.9    59.7    93.7    11.1    97.4    67.9    20.3    60.7    78.8    57.5    91.2    46.1    15.4    7.02    57.5    68.4    96.7    31.7    61.2    66.4
    58.6    92.2    56.6    20.4    25.6    49.2    38.9    54.2    73.8    62.2    75.5    46.2    82.1    91.8    50.2    92.3    73.7    71.5    97.3    58.2    25.5    74.7    70.9    17.2    26.5    19.6    64.9    69.5    89.8    3.24
    10.6    31.8      79    16.6    99.1    65.5    76.3    81.2    99.4    12.6    49.2    58.7   0.522    12.1      79    68.9      88      37    78.6    76.1      53    92.8    10.5      58    4.81    1.47    91.4    92.5    65.1    84.6
    80.6    76.3    81.1    8.02    80.5    61.4    49.6    24.5    37.4    97.3      56    39.6    34.3    87.9    74.8    14.1    33.9    54.5    34.3    64.8    79.2    28.2    26.4    53.9    6.05    43.3      69    72.1    82.4    92.6
    92.9    77.2      35    69.1    68.1    25.9    77.4    80.4    24.4    41.6    82.1    36.4    26.5    45.4    30.6    52.9    9.84    96.6    22.7    30.3    16.7    79.3    20.5    54.8    21.3    25.6    75.3      78    96.5    31.9
    59.5    92.6    82.8    91.2    54.9      80    85.5    85.8    35.8    90.7    72.1    72.1    6.63    7.19    92.7    59.2    84.7    95.2    82.7    48.6    84.7    83.4    10.7    29.1    38.2    27.9    51.9    30.9    17.1    52.4
    29.3    26.9    75.3    28.3    74.7    85.9    33.7    79.8    50.3    57.7    53.3    80.4    59.6    85.8    75.4    70.9    16.3    37.1    67.6    85.8    9.91    37.8    48.5    77.6    73.7      93    59.9   0.174    30.3    55.9
    20.1    49.4      49      70    34.6    15.3    76.6    77.4    75.1    92.9    41.4    13.1    30.7   0.748    72.9    23.1    1.24    85.6    40.3    58.1    5.22    7.11    47.7    40.7    26.1    16.2    10.6    5.83    40.9    85.7
    36.7    22.1    41.7    50.6      46    37.9    42.1    84.8    63.4    56.3    55.2    64.4    90.9    93.7    22.9    30.1    16.6    96.4    12.6    76.2    89.1      45      84    74.1    10.2    62.7      48    12.2    59.1      59
    4.89    6.75    61.1    59.5    7.99    76.1    14.6    52.1    68.9    30.9    8.46    69.5    50.7    77.9    6.99    31.2    55.8    87.7    14.1    52.5      80      39    31.9    35.6    50.3    85.8    30.4      39      95    45.7
    65.6    99.9    44.4    90.7    56.4    16.4    13.8    35.9    86.8    84.1    17.1    81.2    1.49    79.9    26.7    83.7    48.3      64    41.1    41.2    7.57    31.2    97.3    47.5    35.9    26.6      13    34.8    41.3    77.5
    13.4    73.7    66.6    67.6    79.4    71.3    99.2    2.51    77.1    54.2    43.2    1.72    53.6      38    3.12    6.33    53.8    10.5    37.4    38.7    83.3    46.1    42.1    87.3    91.4    43.5      45    85.6    40.3    92.4
    52.2    91.6    18.5    8.29    92.6    83.5    63.7    88.8    35.6    36.5    32.6    93.6      75    29.1    96.9      72    94.6    61.1    91.9    9.74    78.4    1.27    17.8    82.3    44.7    95.1    54.6    27.1    60.3    39.2
    52.8    84.5    53.7    68.3    94.1    1.54    32.4    31.6    27.6    89.3    36.5    68.6    51.3    64.4    92.5    53.4    22.3    97.8    13.3      76    55.8    73.6    43.6    70.7    11.5    77.2    66.4      71    26.2    95.1
    59.6    29.1    99.3    60.6    17.9    81.6    6.94    11.3    32.4    39.4    14.2    25.5    75.4    25.5    36.5    60.1    75.5    90.6    28.9    13.7    90.5    23.9    82.6    99.2      62    27.9    37.4    17.4      40      61
    77.5    89.6      97    40.4    14.3    40.1    97.8    51.3    36.7    35.2    80.1      78    25.4    56.3    55.3    22.5    30.5    27.8    81.5    45.8    22.2    2.03    82.3    42.7    78.1    39.1    29.2    77.2    99.6    36.8
    1.58    58.8    31.5    99.9    23.2    97.8    49.1      52    27.9    20.4    84.8     6.2    22.2    37.4      89    53.3    73.9    60.9    55.1    4.83      59    13.8    60.3     3.4    36.2      99    83.1    37.8    83.7    18.4
    14.6    71.5    5.69      64    80.1    38.1    93.3    87.5    42.1    18.3      76    77.3    87.5      86    89.2    48.2    44.9    68.1    44.3      68    30.7      84      23     7.9    22.8    42.5    71.5      80    42.2    50.2
      13    60.7    90.5    87.8    74.3      37    16.3    6.22    37.3    87.5    88.3   0.119    82.8    1.06    18.6    71.2    30.2    51.9    69.4    2.01    49.4      66    42.9    90.5    69.6    66.6    61.7    34.9    10.9    12.1
    66.2    10.8    72.1    10.1    95.9    21.8    53.8    66.1    71.6      71    31.7    62.1    41.6    36.1    17.4    33.6    6.81    77.5    86.8    97.7    96.1    79.7    9.29    21.4    32.1      19    23.9      72      40      11
    23.4      34    30.4    28.5    11.8    1.33    98.8    82.5    99.2      28    41.7     100      72    32.6    9.67    62.6    82.8    44.9    88.1    94.3    75.1    9.25    95.3    25.1    11.6    5.09    23.4    98.7    1.32    49.9
    89.8    13.3      59    14.5      98      96    40.1      83    3.88      32    3.56    87.7    39.2    56.2    58.9      49    9.26      10      24    35.3   0.101    65.2    29.4    60.9    55.8    91.3    18.5      48    58.3      33
      85    70.6    92.2   0.699    48.9    10.8    18.3    32.5    48.3    20.8    27.9    27.2      89    59.8    64.5    41.4    11.8    74.3    34.9    2.28    28.3      90    31.8      86    74.6    14.4    67.9    26.3    72.1    14.5
    47.4    31.6    48.4    46.9    76.7    10.3    94.2    2.58    95.9    97.2    96.3    9.25    80.9    62.3    54.3      63    43.1    7.26      69    21.6      67    42.9    98.7    78.9    54.8    83.6    20.2    86.1    54.5      29
    3.95    85.1    17.7    10.1    6.16    63.8      22   0.742    76.6    23.3    99.8    97.5    13.5    25.6    43.3    74.6    47.5    85.8    11.1    58.8    87.5    59.5    99.8    14.1    19.7      95    90.9    43.1    52.3    72.6
    33.3    89.6    4.98    86.6    3.71    9.08      95    39.3    24.8    36.2    23.3    76.1    19.2    92.8    39.8    56.6    48.6    1.76    86.2    50.5    31.3    11.6      43    16.6    14.8    6.03      43    15.5     3.7    29.3
    41.1    81.7    7.69    23.1      55      82    62.2    97.8    46.7      99    52.2    97.4    77.8    42.1    46.3    58.9    96.2      67    44.9    56.4    53.2    48.8    59.6    22.4      30    26.5    37.4    80.3    57.5    1.07
    83.7    82.4    87.4    88.8    76.1    81.6    56.8    19.6    20.6    21.2    34.8    90.2    37.9    5.53    2.76    58.7    56.5    59.6    85.9      71    89.6    69.2    12.8    35.6    5.36    85.9    61.8    21.4      38    62.5
    49.4    3.69    6.66    67.5    26.5    2.47    22.7      52    8.15      96    92.1    38.7    87.8    97.7    14.4    98.7    20.7    80.5    41.7    52.4    29.2    37.1    47.8   0.327    53.4    77.3    11.5    8.01    70.2    80.8
